2026-01-15 22:48:51 - SyncServiceLogger - INFO - -----------------------------------------
2026-01-15 22:48:51 - SyncServiceLogger - INFO - --- Bybit to Notion Sync Service ---
2026-01-15 22:48:51 - SyncServiceLogger - INFO - -----------------------------------------
2026-01-15 22:48:51 - SyncServiceLogger - INFO - Initializing Bybit and Notion clients for sync...
2026-01-15 22:48:51 - SyncServiceLogger - INFO - Starting synchronization process...
2026-01-15 22:48:51 - SyncServiceLogger - INFO - Forcing start date to: 2026-01-01 00:00:00+00:00
2026-01-15 22:48:51 - SyncServiceLogger - WARNING - Note: Syncing main account only.
2026-01-15 22:48:51 - SyncServiceLogger - INFO - Fetching chunk from 2026-01-01 00:00:00+00:00 to 2026-01-07 23:59:59.999000+00:00
2026-01-15 22:48:52 - SyncServiceLogger - INFO - Fetching chunk from 2026-01-08 00:00:00+00:00 to 2026-01-14 23:59:59.999000+00:00
2026-01-15 22:48:54 - SyncServiceLogger - INFO - Fetching chunk from 2026-01-15 00:00:00+00:00 to 2026-01-15 14:48:51.243000+00:00
2026-01-15 22:48:55 - SyncServiceLogger - INFO - Total transactions retrieved: 198
2026-01-15 22:48:55 - SyncServiceLogger - INFO - Processed 68 records (PnL > 0.5) to be written to Notion.
2026-01-15 22:48:55 - SyncServiceLogger - INFO - Successfully created record in Notion for symbol: ETHUSDT
2026-01-15 22:48:56 - SyncServiceLogger - INFO - Successfully created record in Notion for symbol: BTCUSDT
2026-01-15 22:48:57 - SyncServiceLogger - INFO - Successfully created record in Notion for symbol: BTCUSDT
2026-01-15 22:48:58 - SyncServiceLogger - INFO - Successfully created record in Notion for symbol: BTCUSDT
2026-01-15 22:48:58 - SyncServiceLogger - INFO - Successfully created record in Notion for symbol: ZECUSDT
2026-01-15 22:49:04 - SyncServiceLogger - INFO - Successfully created record in Notion for symbol: ZECUSDT
2026-01-15 22:49:04 - SyncServiceLogger - INFO - Successfully created record in Notion for symbol: ZECUSDT
2026-01-15 22:49:05 - SyncServiceLogger - INFO - Successfully created record in Notion for symbol: ZECUSDT
2026-01-15 22:49:07 - SyncServiceLogger - INFO - Successfully created record in Notion for symbol: ZECUSDT
2026-01-15 22:49:08 - SyncServiceLogger - INFO - Successfully created record in Notion for symbol: ZECUSDT
2026-01-15 22:49:09 - SyncServiceLogger - INFO - Successfully created record in Notion for symbol: ZECUSDT
2026-01-15 22:49:10 - SyncServiceLogger - INFO - Successfully created record in Notion for symbol: ZECUSDT
2026-01-15 22:49:10 - SyncServiceLogger - INFO - Successfully created record in Notion for symbol: ZECUSDT
2026-01-15 22:49:12 - SyncServiceLogger - INFO - Successfully created record in Notion for symbol: ZECUSDT
2026-01-15 22:49:12 - SyncServiceLogger - INFO - Successfully created record in Notion for symbol: ZECUSDT
2026-01-15 22:49:13 - SyncServiceLogger - INFO - Successfully created record in Notion for symbol: ZECUSDT
2026-01-15 22:49:14 - SyncServiceLogger - INFO - Successfully created record in Notion for symbol: ZECUSDT
2026-01-15 22:49:15 - SyncServiceLogger - INFO - Successfully created record in Notion for symbol: ZECUSDT
2026-01-15 22:49:16 - SyncServiceLogger - INFO - Successfully created record in Notion for symbol: ZECUSDT
2026-01-15 22:49:17 - SyncServiceLogger - INFO - Successfully created record in Notion for symbol: ZECUSDT
2026-01-15 22:49:17 - SyncServiceLogger - INFO - Successfully created record in Notion for symbol: ZECUSDT
2026-01-15 22:49:19 - SyncServiceLogger - INFO - Successfully created record in Notion for symbol: ZECUSDT
2026-01-15 22:49:22 - SyncServiceLogger - INFO - Successfully created record in Notion for symbol: ZECUSDT
2026-01-15 22:49:23 - SyncServiceLogger - INFO - Successfully created record in Notion for symbol: ZECUSDT
2026-01-15 22:49:24 - SyncServiceLogger - INFO - Successfully created record in Notion for symbol: ZECUSDT
2026-01-15 22:49:25 - SyncServiceLogger - INFO - Successfully created record in Notion for symbol: ZECUSDT
2026-01-15 22:49:26 - SyncServiceLogger - INFO - Successfully created record in Notion for symbol: ZECUSDT
2026-01-15 22:49:27 - SyncServiceLogger - INFO - Successfully created record in Notion for symbol: ZECUSDT
2026-01-15 22:49:28 - SyncServiceLogger - INFO - Successfully created record in Notion for symbol: ZECUSDT
2026-01-15 22:49:28 - SyncServiceLogger - INFO - Successfully created record in Notion for symbol: BTCUSDT
2026-01-15 22:49:29 - SyncServiceLogger - INFO - Successfully created record in Notion for symbol: BTCUSDT
2026-01-15 22:49:31 - SyncServiceLogger - INFO - Successfully created record in Notion for symbol: BTCUSDT
2026-01-15 22:49:32 - SyncServiceLogger - INFO - Successfully created record in Notion for symbol: BTCUSDT
2026-01-15 22:49:33 - SyncServiceLogger - INFO - Successfully created record in Notion for symbol: BTCUSDT
2026-01-15 22:49:34 - SyncServiceLogger - INFO - Successfully created record in Notion for symbol: BTCUSDT
2026-01-15 22:49:34 - SyncServiceLogger - INFO - Successfully created record in Notion for symbol: BTCUSDT
2026-01-15 22:49:35 - SyncServiceLogger - INFO - Successfully created record in Notion for symbol: BTCUSDT
2026-01-15 22:49:36 - SyncServiceLogger - INFO - Successfully created record in Notion for symbol: BTCUSDT
2026-01-15 22:49:37 - SyncServiceLogger - INFO - Successfully created record in Notion for symbol: BTCUSDT
2026-01-15 22:49:40 - SyncServiceLogger - INFO - Successfully created record in Notion for symbol: BTCUSDT
2026-01-15 22:49:40 - SyncServiceLogger - INFO - Successfully created record in Notion for symbol: BTCUSDT
2026-01-15 22:49:42 - SyncServiceLogger - INFO - Successfully created record in Notion for symbol: BTCUSDT
2026-01-15 22:49:42 - SyncServiceLogger - INFO - Successfully created record in Notion for symbol: KAITOUSDT
2026-01-15 22:49:43 - SyncServiceLogger - INFO - Successfully created record in Notion for symbol: KAITOUSDT
2026-01-15 22:49:44 - SyncServiceLogger - INFO - Successfully created record in Notion for symbol: KAITOUSDT
2026-01-15 22:49:45 - SyncServiceLogger - INFO - Successfully created record in Notion for symbol: KAITOUSDT
2026-01-15 22:49:46 - SyncServiceLogger - INFO - Successfully created record in Notion for symbol: KAITOUSDT
2026-01-15 22:49:47 - SyncServiceLogger - INFO - Successfully created record in Notion for symbol: KAITOUSDT
2026-01-15 22:49:47 - SyncServiceLogger - INFO - Successfully created record in Notion for symbol: KAITOUSDT
2026-01-15 22:49:48 - SyncServiceLogger - INFO - Successfully created record in Notion for symbol: KAITOUSDT
2026-01-15 22:49:49 - SyncServiceLogger - INFO - Successfully created record in Notion for symbol: KAITOUSDT
2026-01-15 22:49:50 - SyncServiceLogger - INFO - Successfully created record in Notion for symbol: KAITOUSDT
2026-01-15 22:49:51 - SyncServiceLogger - INFO - Successfully created record in Notion for symbol: KAITOUSDT
2026-01-15 22:49:52 - SyncServiceLogger - INFO - Successfully created record in Notion for symbol: KAITOUSDT
2026-01-15 22:49:52 - SyncServiceLogger - INFO - Successfully created record in Notion for symbol: KAITOUSDT
2026-01-15 22:49:53 - SyncServiceLogger - INFO - Successfully created record in Notion for symbol: KAITOUSDT
2026-01-15 22:49:54 - SyncServiceLogger - INFO - Successfully created record in Notion for symbol: KAITOUSDT
2026-01-15 22:49:55 - SyncServiceLogger - INFO - Successfully created record in Notion for symbol: KAITOUSDT
2026-01-15 22:49:56 - SyncServiceLogger - INFO - Successfully created record in Notion for symbol: KAITOUSDT
2026-01-15 22:49:57 - SyncServiceLogger - INFO - Successfully created record in Notion for symbol: KAITOUSDT
2026-01-15 22:49:58 - SyncServiceLogger - INFO - Successfully created record in Notion for symbol: KAITOUSDT
2026-01-15 22:49:59 - SyncServiceLogger - INFO - Successfully created record in Notion for symbol: KAITOUSDT
2026-01-15 22:50:00 - SyncServiceLogger - INFO - Successfully created record in Notion for symbol: BTCUSDT
2026-01-15 22:50:01 - SyncServiceLogger - INFO - Successfully created record in Notion for symbol: BTCUSDT
2026-01-15 22:50:07 - SyncServiceLogger - INFO - Successfully created record in Notion for symbol: BTCUSDT
2026-01-15 22:50:09 - SyncServiceLogger - INFO - Successfully created record in Notion for symbol: BTCUSDT
2026-01-15 22:50:10 - SyncServiceLogger - INFO - Successfully created record in Notion for symbol: BTCUSDT
2026-01-15 22:50:11 - SyncServiceLogger - INFO - Successfully created record in Notion for symbol: BTCUSDT
2026-01-15 22:50:11 - SyncServiceLogger - INFO - Synchronization process completed successfully.
2026-01-18 17:23:44 - SyncServiceLogger - INFO - -----------------------------------------
2026-01-18 17:23:44 - SyncServiceLogger - INFO - --- Bybit to Notion Sync Service ---
2026-01-18 17:23:44 - SyncServiceLogger - INFO - -----------------------------------------
2026-01-18 17:23:44 - SyncServiceLogger - INFO - Initializing Bybit and Notion clients for sync...
2026-01-18 17:23:44 - SyncServiceLogger - INFO - Starting synchronization process...
2026-01-18 17:23:45 - SyncServiceLogger - INFO - Last sync found at 2026-01-16 04:02:00+00:00. Starting from 2026-01-16 04:02:00.001000+00:00
2026-01-18 17:23:45 - SyncServiceLogger - WARNING - Note: Syncing main account only.
2026-01-18 17:23:45 - SyncServiceLogger - INFO - Fetching chunk from 2026-01-16 04:02:00.001000+00:00 to 2026-01-18 09:23:45.268000+00:00
2026-01-18 17:23:45 - SyncServiceLogger - INFO - Total transactions retrieved: 5
2026-01-18 17:23:45 - SyncServiceLogger - INFO - Processed 1 records (PnL > 0.5) to be written to Notion.
2026-01-18 17:23:46 - SyncServiceLogger - INFO - Skipped 1 duplicate records found in Notion.
2026-01-18 17:23:46 - SyncServiceLogger - INFO - No new unique records to create.
2026-01-18 17:23:46 - SyncServiceLogger - INFO - Synchronization process completed successfully.
2026-01-18 17:24:58 - SyncServiceLogger - INFO - -----------------------------------------
2026-01-18 17:24:58 - SyncServiceLogger - INFO - --- Bybit to Notion Sync Service ---
2026-01-18 17:24:58 - SyncServiceLogger - INFO - -----------------------------------------
2026-01-18 17:24:58 - SyncServiceLogger - INFO - Initializing Bybit and Notion clients for sync...
2026-01-18 17:24:59 - SyncServiceLogger - INFO - Starting synchronization process...
2026-01-18 17:24:59 - SyncServiceLogger - INFO - No previous sync found. Forcing start date to: 2026-01-01 00:00:00+00:00
2026-01-18 17:24:59 - SyncServiceLogger - WARNING - Note: Syncing main account only.
2026-01-18 17:24:59 - SyncServiceLogger - INFO - Fetching chunk from 2026-01-01 00:00:00+00:00 to 2026-01-07 23:59:59.999000+00:00
2026-01-18 17:25:00 - SyncServiceLogger - INFO - Fetching chunk from 2026-01-08 00:00:00+00:00 to 2026-01-14 23:59:59.999000+00:00
2026-01-18 17:25:02 - SyncServiceLogger - INFO - Fetching chunk from 2026-01-15 00:00:00+00:00 to 2026-01-18 09:24:59.377000+00:00
2026-01-18 17:25:03 - SyncServiceLogger - INFO - Total transactions retrieved: 205
2026-01-18 17:25:03 - SyncServiceLogger - INFO - Processed 13 records (PnL > 0.5) to be written to Notion.
2026-01-18 17:25:07 - SyncServiceLogger - INFO - Successfully created record in Notion for symbol: ETHUSDT
2026-01-18 17:25:08 - SyncServiceLogger - INFO - Successfully created record in Notion for symbol: BTCUSDT
2026-01-18 17:25:09 - SyncServiceLogger - INFO - Successfully created record in Notion for symbol: BTCUSDT
2026-01-18 17:25:11 - SyncServiceLogger - INFO - Successfully created record in Notion for symbol: ZECUSDT
2026-01-18 17:25:11 - SyncServiceLogger - INFO - Successfully created record in Notion for symbol: BTCUSDT
2026-01-18 17:25:12 - SyncServiceLogger - INFO - Successfully created record in Notion for symbol: BTCUSDT
2026-01-18 17:25:14 - SyncServiceLogger - INFO - Successfully created record in Notion for symbol: BTCUSDT
2026-01-18 17:25:16 - SyncServiceLogger - INFO - Successfully created record in Notion for symbol: BTCUSDT
2026-01-18 17:25:17 - SyncServiceLogger - INFO - Successfully created record in Notion for symbol: BTCUSDT
2026-01-18 17:25:22 - SyncServiceLogger - INFO - Successfully created record in Notion for symbol: BTCUSDT
2026-01-18 17:25:23 - SyncServiceLogger - INFO - Successfully created record in Notion for symbol: KAITOUSDT
2026-01-18 17:25:23 - SyncServiceLogger - INFO - Successfully created record in Notion for symbol: BTCUSDT
2026-01-18 17:25:24 - SyncServiceLogger - INFO - Successfully created record in Notion for symbol: BTCUSDT
2026-01-18 17:25:25 - SyncServiceLogger - INFO - Synchronization process completed successfully.
2026-01-18 18:05:34 - SyncServiceLogger - INFO - -----------------------------------------
2026-01-18 18:05:34 - SyncServiceLogger - INFO - --- Bybit to Notion Sync Service ---
2026-01-18 18:05:34 - SyncServiceLogger - INFO - -----------------------------------------
2026-01-18 18:05:34 - SyncServiceLogger - INFO - Initializing Bybit and Notion clients for sync...
2026-01-18 18:05:34 - SyncServiceLogger - INFO - Starting synchronization process...
2026-01-18 18:05:35 - SyncServiceLogger - INFO - No previous sync found. Forcing start date to: 2026-01-01 00:00:00+00:00
2026-01-18 18:05:35 - SyncServiceLogger - WARNING - Note: Syncing main account only.
2026-01-18 18:05:35 - SyncServiceLogger - INFO - Fetching chunk from 2026-01-01 00:00:00+00:00 to 2026-01-07 23:59:59.999000+00:00
2026-01-18 18:05:36 - SyncServiceLogger - INFO - Fetching chunk from 2026-01-08 00:00:00+00:00 to 2026-01-14 23:59:59.999000+00:00
2026-01-18 18:05:38 - SyncServiceLogger - INFO - Fetching chunk from 2026-01-15 00:00:00+00:00 to 2026-01-18 10:05:35.211000+00:00
2026-01-18 18:05:39 - SyncServiceLogger - INFO - Total transactions retrieved: 205
2026-01-18 18:05:39 - SyncServiceLogger - INFO - Processed 13 records (PnL > 0.5) to be written to Notion.
2026-01-18 18:05:40 - SyncServiceLogger - INFO - Successfully created record in Notion for symbol: ETHUSDT
2026-01-18 18:05:41 - SyncServiceLogger - INFO - Successfully created record in Notion for symbol: BTCUSDT
2026-01-18 18:05:42 - SyncServiceLogger - INFO - Successfully created record in Notion for symbol: BTCUSDT
2026-01-18 18:05:43 - SyncServiceLogger - INFO - Successfully created record in Notion for symbol: ZECUSDT
2026-01-18 18:05:43 - SyncServiceLogger - INFO - Successfully created record in Notion for symbol: BTCUSDT
2026-01-18 18:05:45 - SyncServiceLogger - INFO - Successfully created record in Notion for symbol: BTCUSDT
2026-01-18 18:05:46 - SyncServiceLogger - INFO - Successfully created record in Notion for symbol: BTCUSDT
2026-01-18 18:05:46 - SyncServiceLogger - INFO - Successfully created record in Notion for symbol: BTCUSDT
2026-01-18 18:05:48 - SyncServiceLogger - INFO - Successfully created record in Notion for symbol: BTCUSDT
2026-01-18 18:05:49 - SyncServiceLogger - INFO - Successfully created record in Notion for symbol: BTCUSDT
2026-01-18 18:05:53 - SyncServiceLogger - INFO - Successfully created record in Notion for symbol: KAITOUSDT
2026-01-18 18:05:54 - SyncServiceLogger - INFO - Successfully created record in Notion for symbol: BTCUSDT
2026-01-18 18:05:55 - SyncServiceLogger - INFO - Successfully created record in Notion for symbol: BTCUSDT
2026-01-18 18:05:55 - SyncServiceLogger - INFO - Synchronization process completed successfully.
2026-01-21 20:47:17 - SyncServiceLogger - INFO - -----------------------------------------
2026-01-21 20:47:17 - SyncServiceLogger - INFO - --- Bybit to Notion Sync Service ---
2026-01-21 20:47:17 - SyncServiceLogger - INFO - -----------------------------------------
2026-01-21 20:47:17 - SyncServiceLogger - INFO - Initializing Bybit and Notion clients for sync...
2026-01-21 20:47:18 - SyncServiceLogger - INFO - Starting synchronization process...
2026-01-21 20:47:18 - SyncServiceLogger - CRITICAL - An unexpected error occurred: 'DatabasesEndpoint' object has no attribute 'query'
Traceback (most recent call last):
  File "C:\Users\Bybit_notion-main\src\main.py", line 51, in run_sync
    sync_service.run_sync()
    ~~~~~~~~~~~~~~~~~~~~~^^
  File "C:\Users\Bybit_notion-main\src\services\sync.py", line 26, in run_sync
    last_sync_ms = self.notion.get_last_sync_timestamp()
  File "C:\Users\Bybit_notion-main\src\clients\notion.py", line 43, in get_last_sync_timestamp
    response = self.client.databases.query(
               ^^^^^^^^^^^^^^^^^^^^^^^^^^^
AttributeError: 'DatabasesEndpoint' object has no attribute 'query'
2026-01-21 20:51:14 - SyncServiceLogger - INFO - -----------------------------------------
2026-01-21 20:51:14 - SyncServiceLogger - INFO - --- Bybit to Notion Sync Service ---
2026-01-21 20:51:14 - SyncServiceLogger - INFO - -----------------------------------------
2026-01-21 20:51:14 - SyncServiceLogger - INFO - Initializing Bybit and Notion clients for sync...
2026-01-21 20:51:14 - SyncServiceLogger - INFO - Starting synchronization process...
2026-01-21 20:51:14 - SyncServiceLogger - CRITICAL - An unexpected error occurred: 'DatabasesEndpoint' object has no attribute 'query'
Traceback (most recent call last):
  File "C:\Users\Bybit_notion-main\src\main.py", line 51, in run_sync
    sync_service.run_sync()
    ~~~~~~~~~~~~~~~~~~~~~^^
  File "C:\Users\Bybit_notion-main\src\services\sync.py", line 26, in run_sync
    last_sync_ms = self.notion.get_last_sync_timestamp()
  File "C:\Users\Bybit_notion-main\src\clients\notion.py", line 43, in get_last_sync_timestamp
    response = self.client.databases.query(
               ^^^^^^^^^^^^^^^^^^^^^^^^^^^
AttributeError: 'DatabasesEndpoint' object has no attribute 'query'
2026-01-21 20:54:05 - SyncServiceLogger - INFO - -----------------------------------------
2026-01-21 20:54:05 - SyncServiceLogger - INFO - --- Bybit to Notion Sync Service ---
2026-01-21 20:54:05 - SyncServiceLogger - INFO - -----------------------------------------
2026-01-21 20:54:05 - SyncServiceLogger - INFO - Initializing Bybit and Notion clients for sync...
2026-01-21 20:54:05 - SyncServiceLogger - INFO - Starting synchronization process...
2026-01-21 20:54:13 - SyncServiceLogger - ERROR - An API error occurred during synchronization: Failed to query Notion database: API token is invalid.
2026-01-21 21:57:16 - SyncServiceLogger - INFO - -----------------------------------------
2026-01-21 21:57:16 - SyncServiceLogger - INFO - --- Bybit to Notion Sync Service ---
2026-01-21 21:57:16 - SyncServiceLogger - INFO - -----------------------------------------
2026-01-21 21:57:16 - SyncServiceLogger - INFO - Initializing Bybit and Notion clients for sync...
2026-01-21 21:57:16 - SyncServiceLogger - INFO - Starting synchronization process...
2026-01-21 21:57:17 - SyncServiceLogger - ERROR - An API error occurred during synchronization: Failed to query Notion database: Invalid request URL.
2026-01-21 22:00:30 - SyncServiceLogger - INFO - -----------------------------------------
2026-01-21 22:00:30 - SyncServiceLogger - INFO - --- Bybit to Notion Sync Service ---
2026-01-21 22:00:30 - SyncServiceLogger - INFO - -----------------------------------------
2026-01-21 22:00:30 - SyncServiceLogger - INFO - Initializing Bybit and Notion clients for sync...
2026-01-21 22:00:30 - SyncServiceLogger - INFO - Starting synchronization process...
2026-01-21 22:00:30 - SyncServiceLogger - INFO - DEBUG: Querying Notion via fallback. ID: 'c10b27f0189d45d1a73b30d69c683c9c' (len=32), Path: 'databases/c10b27f0189d45d1a73b30d69c683c9c/query'
2026-01-21 22:00:31 - SyncServiceLogger - ERROR - An API error occurred during synchronization: Failed to query Notion database: Invalid request URL.
2026-01-21 22:35:38 - SyncServiceLogger - INFO - -----------------------------------------
2026-01-21 22:35:38 - SyncServiceLogger - INFO - --- Bybit to Notion Sync Service ---
2026-01-21 22:35:38 - SyncServiceLogger - INFO - -----------------------------------------
2026-01-21 22:35:38 - SyncServiceLogger - INFO - Initializing Bybit and Notion clients for sync...
2026-01-21 22:35:38 - SyncServiceLogger - INFO - Starting synchronization process...
2026-01-21 22:35:40 - SyncServiceLogger - INFO - Last sync found at 2026-01-20 22:33:00+00:00. Starting from 2026-01-20 22:33:00.001000+00:00
2026-01-21 22:35:40 - SyncServiceLogger - WARNING - Note: Syncing main account only.
2026-01-21 22:35:40 - SyncServiceLogger - INFO - Fetching chunk from 2026-01-20 22:33:00.001000+00:00 to 2026-01-21 14:35:40.498000+00:00
2026-01-21 22:35:41 - SyncServiceLogger - INFO - Total transactions retrieved: 18
2026-01-21 22:35:41 - SyncServiceLogger - INFO - Processed 3 records (PnL > 0.5) to be written to Notion.
2026-01-21 22:35:42 - SyncServiceLogger - INFO - Successfully created record in Notion for symbol: BTCUSDT
2026-01-21 22:35:43 - SyncServiceLogger - INFO - Successfully created record in Notion for symbol: BTCUSDT
2026-01-21 22:35:44 - SyncServiceLogger - INFO - Successfully created record in Notion for symbol: BTCUSDT
2026-01-21 22:35:44 - SyncServiceLogger - INFO - Synchronization process completed successfully.
2026-01-21 22:49:08 - SyncServiceLogger - INFO - --- Starting Bybit Real-time Monitor ---
2026-01-21 22:49:11 - SyncServiceLogger - INFO - Connecting to Bybit Private WebSocket...
2026-01-21 22:49:11 - SyncServiceLogger - INFO - Bybit Monitor started! Listening for events...
2026-01-21 23:03:04 - SyncServiceLogger - INFO - --- Starting Bybit Real-time Monitor ---
2026-01-21 23:03:04 - SyncServiceLogger - INFO - Auto-Sync Service initialized successfully.
2026-01-21 23:03:04 - SyncServiceLogger - INFO - Starting Bybit Monitor (Custom WebSocket)...
2026-01-21 23:03:04 - SyncServiceLogger - INFO - WebSocket Connected. Sending Auth...
2026-01-21 23:03:04 - SyncServiceLogger - INFO - WebSocket Authentication Successful!
2026-01-21 23:03:04 - SyncServiceLogger - INFO - Subscribing to topics: ['order', 'execution', 'position']
2026-01-21 23:03:04 - SyncServiceLogger - INFO - Subscribed: 
2026-01-21 23:11:56 - SyncServiceLogger - INFO - --- Starting Bybit Real-time Monitor ---
2026-01-21 23:11:56 - SyncServiceLogger - INFO - Auto-Sync Service initialized successfully.
2026-01-21 23:11:56 - SyncServiceLogger - INFO - Starting Bybit Monitor (Custom WebSocket)...
2026-01-21 23:11:56 - SyncServiceLogger - INFO - WebSocket Connected. Sending Auth...
2026-01-21 23:11:56 - SyncServiceLogger - INFO - WebSocket Authentication Successful!
2026-01-21 23:11:56 - SyncServiceLogger - INFO - Subscribing to topics: ['order', 'execution', 'position']
2026-01-21 23:11:56 - SyncServiceLogger - INFO - Subscribed: 
2026-01-21 23:15:28 - SyncServiceLogger - INFO - --- Starting Bybit Real-time Monitor ---
2026-01-21 23:15:28 - SyncServiceLogger - INFO - Auto-Sync Service initialized successfully.
2026-01-21 23:15:28 - SyncServiceLogger - INFO - Starting Bybit Monitor (Custom WebSocket)...
2026-01-21 23:15:29 - SyncServiceLogger - INFO - WebSocket Connected. Sending Auth...
2026-01-21 23:15:29 - SyncServiceLogger - INFO - WebSocket Authentication Successful!
2026-01-21 23:15:29 - SyncServiceLogger - INFO - Subscribing to topics: ['order', 'execution', 'position']
2026-01-21 23:15:29 - SyncServiceLogger - INFO - Subscribed: 
2026-01-21 23:33:32 - SyncServiceLogger - INFO - Trade detected! Triggering Notion Sync in 3 seconds...
2026-01-21 23:33:35 - SyncServiceLogger - INFO - Starting synchronization process...
2026-01-21 23:33:42 - SyncServiceLogger - INFO - Last sync found at 2026-01-21 14:30:00+00:00. Starting from 2026-01-21 14:30:00.001000+00:00
2026-01-21 23:33:42 - SyncServiceLogger - WARNING - Note: Syncing main account only.
2026-01-21 23:33:42 - SyncServiceLogger - INFO - Fetching chunk from 2026-01-21 14:30:00.001000+00:00 to 2026-01-21 15:33:42.043000+00:00
2026-01-21 23:33:42 - SyncServiceLogger - INFO - Total transactions retrieved: 6
2026-01-21 23:33:42 - SyncServiceLogger - INFO - Processed 1 records (PnL > 0.5) to be written to Notion.
2026-01-21 23:33:43 - SyncServiceLogger - INFO - Skipped 1 duplicate records found in Notion.
2026-01-21 23:33:43 - SyncServiceLogger - INFO - No new unique records to create.
2026-01-21 23:33:43 - SyncServiceLogger - INFO - Synchronization process completed successfully.
2026-01-21 23:48:08 - SyncServiceLogger - INFO - --- Starting Bybit Real-time Monitor ---
2026-01-21 23:48:08 - SyncServiceLogger - INFO - Services (Sync, Stats) initialized successfully.
2026-01-21 23:48:08 - SyncServiceLogger - INFO - Starting Bybit Monitor (Custom WebSocket)...
2026-01-21 23:48:08 - SyncServiceLogger - INFO - WebSocket Connected. Sending Auth...
2026-01-21 23:48:08 - SyncServiceLogger - INFO - WebSocket Authentication Successful!
2026-01-21 23:48:08 - SyncServiceLogger - INFO - Subscribing to topics: ['order', 'execution', 'position']
2026-01-21 23:48:09 - SyncServiceLogger - INFO - Subscribed: 
2026-01-21 23:48:17 - SyncServiceLogger - INFO - --- Starting Bybit Real-time Monitor ---
2026-01-21 23:48:17 - SyncServiceLogger - INFO - Services (Sync, Stats) initialized successfully.
2026-01-21 23:48:17 - SyncServiceLogger - INFO - Starting Bybit Monitor (Custom WebSocket)...
2026-01-21 23:48:17 - SyncServiceLogger - INFO - WebSocket Connected. Sending Auth...
2026-01-21 23:48:17 - SyncServiceLogger - INFO - WebSocket Authentication Successful!
2026-01-21 23:48:17 - SyncServiceLogger - INFO - Subscribing to topics: ['order', 'execution', 'position']
2026-01-21 23:48:18 - SyncServiceLogger - INFO - Subscribed: 
2026-01-21 23:52:21 - SyncServiceLogger - INFO - --- Generating Manual PnL Report ---
2026-01-21 23:52:21 - SyncServiceLogger - INFO - Fetching account data from Bybit...
2026-01-21 23:52:24 - SyncServiceLogger - INFO - Sending report to Discord...
2026-01-21 23:59:58 - SyncServiceLogger - INFO - Ignored Funding Fee execution: BTCUSDT -2.71179334
2026-01-22 00:07:26 - SyncServiceLogger - INFO - --- Generating Manual PnL Report ---
2026-01-22 00:07:26 - SyncServiceLogger - INFO - Fetching account data from Bybit...
2026-01-22 00:07:28 - SyncServiceLogger - INFO - Sending report to Discord...
2026-01-22 00:07:42 - SyncServiceLogger - INFO - --- Starting Bybit Real-time Monitor ---
2026-01-22 00:07:42 - SyncServiceLogger - INFO - Services (Sync, Stats) initialized successfully.
2026-01-22 00:07:42 - SyncServiceLogger - INFO - Starting Bybit Monitor (Custom WebSocket)...
2026-01-22 00:07:43 - SyncServiceLogger - INFO - WebSocket Connected. Sending Auth...
2026-01-22 00:07:43 - SyncServiceLogger - INFO - WebSocket Authentication Successful!
2026-01-22 00:07:43 - SyncServiceLogger - INFO - Subscribing to topics: ['order', 'execution', 'position']
2026-01-22 00:07:43 - SyncServiceLogger - INFO - Subscribed: 
2026-01-22 00:25:40 - SyncServiceLogger - INFO - Trade detected! Triggering Notion Sync in 3 seconds...
2026-01-22 00:25:43 - SyncServiceLogger - INFO - Starting synchronization process...
2026-01-22 00:25:44 - SyncServiceLogger - INFO - Last sync found at 2026-01-21 14:30:00+00:00. Starting from 2026-01-21 14:30:00.001000+00:00
2026-01-22 00:25:44 - SyncServiceLogger - WARNING - Note: Syncing main account only.
2026-01-22 00:25:44 - SyncServiceLogger - INFO - Fetching chunk from 2026-01-21 14:30:00.001000+00:00 to 2026-01-21 16:25:44.494000+00:00
2026-01-22 00:25:45 - SyncServiceLogger - INFO - Total transactions retrieved: 20
2026-01-22 00:25:45 - SyncServiceLogger - INFO - Processed 2 records (PnL > 0.5) to be written to Notion.
2026-01-22 00:25:46 - SyncServiceLogger - INFO - Skipped 1 duplicate records found in Notion.
2026-01-22 00:25:46 - SyncServiceLogger - INFO - Successfully created record in Notion for symbol: BTCUSDT
2026-01-22 00:25:47 - SyncServiceLogger - INFO - Synchronization process completed successfully.
2026-01-22 00:42:32 - SyncServiceLogger - INFO - Trade detected! Triggering Notion Sync in 3 seconds...
2026-01-22 00:42:35 - SyncServiceLogger - INFO - Starting synchronization process...
2026-01-22 00:42:36 - SyncServiceLogger - INFO - Last sync found at 2026-01-21 16:25:00+00:00. Starting from 2026-01-21 16:25:00.001000+00:00
2026-01-22 00:42:36 - SyncServiceLogger - WARNING - Note: Syncing main account only.
2026-01-22 00:42:36 - SyncServiceLogger - INFO - Fetching chunk from 2026-01-21 16:25:00.001000+00:00 to 2026-01-21 16:42:36.451000+00:00
2026-01-22 00:42:37 - SyncServiceLogger - INFO - Total transactions retrieved: 14
2026-01-22 00:42:37 - SyncServiceLogger - INFO - Processed 2 records (PnL > 0.5) to be written to Notion.
2026-01-22 00:42:37 - SyncServiceLogger - INFO - Skipped 1 duplicate records found in Notion.
2026-01-22 00:42:38 - SyncServiceLogger - INFO - Successfully created record in Notion for symbol: BTCUSDT
2026-01-22 00:42:38 - SyncServiceLogger - INFO - Synchronization process completed successfully.
2026-01-22 01:00:19 - SyncServiceLogger - INFO - --- Starting Bybit Real-time Monitor ---
2026-01-22 01:00:20 - SyncServiceLogger - INFO - Services (Sync, Stats) initialized successfully.
2026-01-22 01:00:20 - SyncServiceLogger - INFO - Starting Bybit Monitor (Custom WebSocket)...
2026-01-22 01:00:20 - SyncServiceLogger - INFO - WebSocket Connected. Sending Auth...
2026-01-22 01:00:20 - SyncServiceLogger - INFO - WebSocket Authentication Successful!
2026-01-22 01:00:20 - SyncServiceLogger - INFO - Subscribing to topics: ['order', 'execution', 'position']
2026-01-22 01:00:20 - SyncServiceLogger - INFO - Subscribed: 
2026-01-22 01:00:24 - SyncServiceLogger - INFO - --- Generating Manual PnL Report ---
2026-01-22 01:00:24 - SyncServiceLogger - INFO - Fetching account data from Bybit...
2026-01-22 01:00:26 - SyncServiceLogger - INFO - Sending Daily Report to Discord...
2026-01-22 01:00:27 - SyncServiceLogger - INFO - Fetching last closed trade...
2026-01-22 01:00:32 - SyncServiceLogger - INFO - Sending Last Trade Result: BTCUSDT PnL: 633.71430723
2026-01-22 01:02:11 - SyncServiceLogger - INFO - --- Generating Manual PnL Report ---
2026-01-22 01:02:11 - SyncServiceLogger - INFO - Fetching account data from Bybit...
2026-01-22 01:02:13 - SyncServiceLogger - INFO - Sending Daily Report to Discord...
2026-01-22 01:02:14 - SyncServiceLogger - INFO - Fetching last closed position stats...
2026-01-22 01:02:15 - SyncServiceLogger - INFO - Sending Last Position Result: BTCUSDT PnL: 633.71430723 (Aggregated 1 fills)
2026-01-22 01:02:23 - SyncServiceLogger - INFO - --- Generating Manual PnL Report ---
2026-01-22 01:02:23 - SyncServiceLogger - INFO - Fetching account data from Bybit...
2026-01-22 01:02:26 - SyncServiceLogger - INFO - Sending Daily Report to Discord...
2026-01-22 01:02:26 - SyncServiceLogger - INFO - Fetching last closed position stats...
2026-01-22 01:02:27 - SyncServiceLogger - INFO - Sending Last Position Result: BTCUSDT PnL: 633.71430723 (Aggregated 1 fills)
2026-01-22 01:05:38 - SyncServiceLogger - INFO - --- Generating Manual PnL Report ---
2026-01-22 01:05:38 - SyncServiceLogger - INFO - Fetching account data from Bybit...
2026-01-22 01:05:41 - SyncServiceLogger - INFO - Sending Daily Report to Discord...
2026-01-22 01:05:41 - SyncServiceLogger - INFO - Fetching last closed position stats...
2026-01-22 01:05:42 - SyncServiceLogger - INFO - Sending Last Position Result: BTCUSDT PnL: 910.49430863 (Aggregated 2 fills)
2026-01-22 01:43:49 - SyncServiceLogger - INFO - Trade detected! Triggering Notion Sync in 3 seconds...
2026-01-22 01:43:49 - SyncServiceLogger - INFO - Trade detected! Triggering Notion Sync in 3 seconds...
2026-01-22 01:43:49 - SyncServiceLogger - INFO - Trade detected! Triggering Notion Sync in 3 seconds...
2026-01-22 01:43:49 - SyncServiceLogger - INFO - Trade detected! Triggering Notion Sync in 3 seconds...
2026-01-22 01:43:50 - SyncServiceLogger - INFO - Trade detected! Triggering Notion Sync in 3 seconds...
2026-01-22 01:43:50 - SyncServiceLogger - INFO - Trade detected! Triggering Notion Sync in 3 seconds...
2026-01-22 01:43:50 - SyncServiceLogger - INFO - Trade detected! Triggering Notion Sync in 3 seconds...
2026-01-22 01:43:50 - SyncServiceLogger - INFO - Trade detected! Triggering Notion Sync in 3 seconds...
2026-01-22 01:43:50 - SyncServiceLogger - INFO - Trade detected! Triggering Notion Sync in 3 seconds...
2026-01-22 01:43:50 - SyncServiceLogger - INFO - Trade detected! Triggering Notion Sync in 3 seconds...
2026-01-22 01:43:51 - SyncServiceLogger - INFO - Trade detected! Triggering Notion Sync in 3 seconds...
2026-01-22 01:43:52 - SyncServiceLogger - INFO - Trade detected! Triggering Notion Sync in 3 seconds...
2026-01-22 01:43:52 - SyncServiceLogger - INFO - Starting synchronization process...
2026-01-22 01:43:52 - SyncServiceLogger - INFO - Starting synchronization process...
2026-01-22 01:43:52 - SyncServiceLogger - INFO - Trade detected! Triggering Notion Sync in 3 seconds...
2026-01-22 01:43:52 - SyncServiceLogger - INFO - Starting synchronization process...
2026-01-22 01:43:52 - SyncServiceLogger - INFO - Starting synchronization process...
2026-01-22 01:43:53 - SyncServiceLogger - INFO - Starting synchronization process...
2026-01-22 01:43:53 - SyncServiceLogger - INFO - Starting synchronization process...
2026-01-22 01:43:53 - SyncServiceLogger - INFO - Trade detected! Triggering Notion Sync in 3 seconds...
2026-01-22 01:43:53 - SyncServiceLogger - INFO - Last sync found at 2026-01-21 16:42:00+00:00. Starting from 2026-01-21 16:42:00.001000+00:00
2026-01-22 01:43:53 - SyncServiceLogger - WARNING - Note: Syncing main account only.
2026-01-22 01:43:53 - SyncServiceLogger - INFO - Fetching chunk from 2026-01-21 16:42:00.001000+00:00 to 2026-01-21 17:43:53.588000+00:00
2026-01-22 01:43:53 - SyncServiceLogger - INFO - Last sync found at 2026-01-21 16:42:00+00:00. Starting from 2026-01-21 16:42:00.001000+00:00
2026-01-22 01:43:53 - SyncServiceLogger - WARNING - Note: Syncing main account only.
2026-01-22 01:43:53 - SyncServiceLogger - INFO - Fetching chunk from 2026-01-21 16:42:00.001000+00:00 to 2026-01-21 17:43:53.611000+00:00
2026-01-22 01:43:53 - SyncServiceLogger - INFO - Last sync found at 2026-01-21 16:42:00+00:00. Starting from 2026-01-21 16:42:00.001000+00:00
2026-01-22 01:43:53 - SyncServiceLogger - WARNING - Note: Syncing main account only.
2026-01-22 01:43:53 - SyncServiceLogger - INFO - Fetching chunk from 2026-01-21 16:42:00.001000+00:00 to 2026-01-21 17:43:53.629000+00:00
2026-01-22 01:43:53 - SyncServiceLogger - INFO - Starting synchronization process...
2026-01-22 01:43:53 - SyncServiceLogger - INFO - Starting synchronization process...
2026-01-22 01:43:53 - SyncServiceLogger - INFO - Starting synchronization process...
2026-01-22 01:43:53 - SyncServiceLogger - INFO - Starting synchronization process...
2026-01-22 01:43:54 - SyncServiceLogger - INFO - Last sync found at 2026-01-21 16:42:00+00:00. Starting from 2026-01-21 16:42:00.001000+00:00
2026-01-22 01:43:54 - SyncServiceLogger - WARNING - Note: Syncing main account only.
2026-01-22 01:43:54 - SyncServiceLogger - INFO - Fetching chunk from 2026-01-21 16:42:00.001000+00:00 to 2026-01-21 17:43:54.030000+00:00
2026-01-22 01:43:54 - SyncServiceLogger - INFO - Trade detected! Triggering Notion Sync in 3 seconds...
2026-01-22 01:43:54 - SyncServiceLogger - INFO - Last sync found at 2026-01-21 16:42:00+00:00. Starting from 2026-01-21 16:42:00.001000+00:00
2026-01-22 01:43:54 - SyncServiceLogger - WARNING - Note: Syncing main account only.
2026-01-22 01:43:54 - SyncServiceLogger - INFO - Fetching chunk from 2026-01-21 16:42:00.001000+00:00 to 2026-01-21 17:43:54.500000+00:00
2026-01-22 01:43:54 - SyncServiceLogger - INFO - Starting synchronization process...
2026-01-22 01:43:54 - SyncServiceLogger - INFO - Last sync found at 2026-01-21 16:42:00+00:00. Starting from 2026-01-21 16:42:00.001000+00:00
2026-01-22 01:43:54 - SyncServiceLogger - INFO - Last sync found at 2026-01-21 16:42:00+00:00. Starting from 2026-01-21 16:42:00.001000+00:00
2026-01-22 01:43:54 - SyncServiceLogger - WARNING - Note: Syncing main account only.
2026-01-22 01:43:54 - SyncServiceLogger - WARNING - Note: Syncing main account only.
2026-01-22 01:43:54 - SyncServiceLogger - INFO - Fetching chunk from 2026-01-21 16:42:00.001000+00:00 to 2026-01-21 17:43:54.584000+00:00
2026-01-22 01:43:54 - SyncServiceLogger - INFO - Fetching chunk from 2026-01-21 16:42:00.001000+00:00 to 2026-01-21 17:43:54.584000+00:00
2026-01-22 01:43:54 - SyncServiceLogger - INFO - Total transactions retrieved: 9
2026-01-22 01:43:54 - SyncServiceLogger - INFO - Processed 1 records (PnL > 0.5) to be written to Notion.
2026-01-22 01:43:54 - SyncServiceLogger - INFO - Last sync found at 2026-01-21 16:42:00+00:00. Starting from 2026-01-21 16:42:00.001000+00:00
2026-01-22 01:43:54 - SyncServiceLogger - WARNING - Note: Syncing main account only.
2026-01-22 01:43:54 - SyncServiceLogger - INFO - Fetching chunk from 2026-01-21 16:42:00.001000+00:00 to 2026-01-21 17:43:54.848000+00:00
2026-01-22 01:43:55 - SyncServiceLogger - INFO - Trade detected! Triggering Notion Sync in 3 seconds...
2026-01-22 01:43:55 - SyncServiceLogger - INFO - Starting synchronization process...
2026-01-22 01:43:55 - SyncServiceLogger - INFO - Total transactions retrieved: 9
2026-01-22 01:43:55 - SyncServiceLogger - INFO - Processed 1 records (PnL > 0.5) to be written to Notion.
2026-01-22 01:43:55 - SyncServiceLogger - INFO - Last sync found at 2026-01-21 16:42:00+00:00. Starting from 2026-01-21 16:42:00.001000+00:00
2026-01-22 01:43:55 - SyncServiceLogger - WARNING - Note: Syncing main account only.
2026-01-22 01:43:55 - SyncServiceLogger - INFO - Fetching chunk from 2026-01-21 16:42:00.001000+00:00 to 2026-01-21 17:43:55.399000+00:00
2026-01-22 01:43:55 - SyncServiceLogger - INFO - Starting synchronization process...
2026-01-22 01:43:55 - SyncServiceLogger - INFO - Skipped 1 duplicate records found in Notion.
2026-01-22 01:43:55 - SyncServiceLogger - INFO - No new unique records to create.
2026-01-22 01:43:55 - SyncServiceLogger - INFO - Synchronization process completed successfully.
2026-01-22 01:43:55 - SyncServiceLogger - INFO - Total transactions retrieved: 9
2026-01-22 01:43:55 - SyncServiceLogger - INFO - Processed 1 records (PnL > 0.5) to be written to Notion.
2026-01-22 01:43:55 - SyncServiceLogger - INFO - Total transactions retrieved: 9
2026-01-22 01:43:55 - SyncServiceLogger - INFO - Processed 1 records (PnL > 0.5) to be written to Notion.
2026-01-22 01:43:55 - SyncServiceLogger - INFO - Sending aggregated execution for Order d3db4d1d-8776-4eb5-a448-518779817e1a
2026-01-22 01:43:55 - SyncServiceLogger - INFO - Total transactions retrieved: 9
2026-01-22 01:43:55 - SyncServiceLogger - INFO - Processed 1 records (PnL > 0.5) to be written to Notion.
2026-01-22 01:43:55 - SyncServiceLogger - INFO - Total transactions retrieved: 9
2026-01-22 01:43:55 - SyncServiceLogger - INFO - Processed 1 records (PnL > 0.5) to be written to Notion.
2026-01-22 01:43:55 - SyncServiceLogger - INFO - Total transactions retrieved: 9
2026-01-22 01:43:55 - SyncServiceLogger - INFO - Processed 1 records (PnL > 0.5) to be written to Notion.
2026-01-22 01:43:55 - SyncServiceLogger - INFO - Last sync found at 2026-01-21 16:42:00+00:00. Starting from 2026-01-21 16:42:00.001000+00:00
2026-01-22 01:43:55 - SyncServiceLogger - WARNING - Note: Syncing main account only.
2026-01-22 01:43:55 - SyncServiceLogger - INFO - Fetching chunk from 2026-01-21 16:42:00.001000+00:00 to 2026-01-21 17:43:55.983000+00:00
2026-01-22 01:43:55 - SyncServiceLogger - INFO - Skipped 1 duplicate records found in Notion.
2026-01-22 01:43:55 - SyncServiceLogger - INFO - No new unique records to create.
2026-01-22 01:43:55 - SyncServiceLogger - INFO - Synchronization process completed successfully.
2026-01-22 01:43:56 - SyncServiceLogger - INFO - Starting synchronization process...
2026-01-22 01:43:56 - SyncServiceLogger - INFO - Last sync found at 2026-01-21 16:42:00+00:00. Starting from 2026-01-21 16:42:00.001000+00:00
2026-01-22 01:43:56 - SyncServiceLogger - WARNING - Note: Syncing main account only.
2026-01-22 01:43:56 - SyncServiceLogger - INFO - Fetching chunk from 2026-01-21 16:42:00.001000+00:00 to 2026-01-21 17:43:56.620000+00:00
2026-01-22 01:43:56 - SyncServiceLogger - INFO - Total transactions retrieved: 9
2026-01-22 01:43:56 - SyncServiceLogger - INFO - Processed 1 records (PnL > 0.5) to be written to Notion.
2026-01-22 01:43:56 - SyncServiceLogger - INFO - Skipped 1 duplicate records found in Notion.
2026-01-22 01:43:56 - SyncServiceLogger - INFO - Skipped 1 duplicate records found in Notion.
2026-01-22 01:43:56 - SyncServiceLogger - INFO - No new unique records to create.
2026-01-22 01:43:56 - SyncServiceLogger - INFO - No new unique records to create.
2026-01-22 01:43:56 - SyncServiceLogger - INFO - Synchronization process completed successfully.
2026-01-22 01:43:56 - SyncServiceLogger - INFO - Synchronization process completed successfully.
2026-01-22 01:43:56 - SyncServiceLogger - INFO - Skipped 1 duplicate records found in Notion.
2026-01-22 01:43:56 - SyncServiceLogger - INFO - No new unique records to create.
2026-01-22 01:43:56 - SyncServiceLogger - INFO - Synchronization process completed successfully.
2026-01-22 01:43:56 - SyncServiceLogger - INFO - Total transactions retrieved: 9
2026-01-22 01:43:56 - SyncServiceLogger - INFO - Processed 1 records (PnL > 0.5) to be written to Notion.
2026-01-22 01:43:57 - SyncServiceLogger - INFO - Last sync found at 2026-01-21 16:42:00+00:00. Starting from 2026-01-21 16:42:00.001000+00:00
2026-01-22 01:43:57 - SyncServiceLogger - WARNING - Note: Syncing main account only.
2026-01-22 01:43:57 - SyncServiceLogger - INFO - Fetching chunk from 2026-01-21 16:42:00.001000+00:00 to 2026-01-21 17:43:57.005000+00:00
2026-01-22 01:43:57 - SyncServiceLogger - INFO - Starting synchronization process...
2026-01-22 01:43:57 - SyncServiceLogger - INFO - Last sync found at 2026-01-21 16:42:00+00:00. Starting from 2026-01-21 16:42:00.001000+00:00
2026-01-22 01:43:57 - SyncServiceLogger - WARNING - Note: Syncing main account only.
2026-01-22 01:43:57 - SyncServiceLogger - INFO - Fetching chunk from 2026-01-21 16:42:00.001000+00:00 to 2026-01-21 17:43:57.500000+00:00
2026-01-22 01:43:57 - SyncServiceLogger - INFO - Skipped 1 duplicate records found in Notion.
2026-01-22 01:43:57 - SyncServiceLogger - INFO - No new unique records to create.
2026-01-22 01:43:57 - SyncServiceLogger - INFO - Synchronization process completed successfully.
2026-01-22 01:43:57 - SyncServiceLogger - INFO - Skipped 1 duplicate records found in Notion.
2026-01-22 01:43:57 - SyncServiceLogger - INFO - No new unique records to create.
2026-01-22 01:43:57 - SyncServiceLogger - INFO - Synchronization process completed successfully.
2026-01-22 01:43:57 - SyncServiceLogger - INFO - Total transactions retrieved: 9
2026-01-22 01:43:57 - SyncServiceLogger - INFO - Processed 1 records (PnL > 0.5) to be written to Notion.
2026-01-22 01:43:57 - SyncServiceLogger - INFO - Skipped 1 duplicate records found in Notion.
2026-01-22 01:43:57 - SyncServiceLogger - INFO - No new unique records to create.
2026-01-22 01:43:57 - SyncServiceLogger - INFO - Synchronization process completed successfully.
2026-01-22 01:43:58 - SyncServiceLogger - INFO - Starting synchronization process...
2026-01-22 01:43:58 - SyncServiceLogger - INFO - Total transactions retrieved: 9
2026-01-22 01:43:58 - SyncServiceLogger - INFO - Processed 1 records (PnL > 0.5) to be written to Notion.
2026-01-22 01:43:58 - SyncServiceLogger - INFO - Last sync found at 2026-01-21 16:42:00+00:00. Starting from 2026-01-21 16:42:00.001000+00:00
2026-01-22 01:43:58 - SyncServiceLogger - WARNING - Note: Syncing main account only.
2026-01-22 01:43:58 - SyncServiceLogger - INFO - Fetching chunk from 2026-01-21 16:42:00.001000+00:00 to 2026-01-21 17:43:58.089000+00:00
2026-01-22 01:43:58 - SyncServiceLogger - INFO - Last sync found at 2026-01-21 16:42:00+00:00. Starting from 2026-01-21 16:42:00.001000+00:00
2026-01-22 01:43:58 - SyncServiceLogger - WARNING - Note: Syncing main account only.
2026-01-22 01:43:58 - SyncServiceLogger - INFO - Fetching chunk from 2026-01-21 16:42:00.001000+00:00 to 2026-01-21 17:43:58.422000+00:00
2026-01-22 01:43:58 - SyncServiceLogger - INFO - Total transactions retrieved: 9
2026-01-22 01:43:58 - SyncServiceLogger - INFO - Processed 1 records (PnL > 0.5) to be written to Notion.
2026-01-22 01:43:58 - SyncServiceLogger - INFO - Skipped 1 duplicate records found in Notion.
2026-01-22 01:43:58 - SyncServiceLogger - INFO - No new unique records to create.
2026-01-22 01:43:58 - SyncServiceLogger - INFO - Synchronization process completed successfully.
2026-01-22 01:43:58 - SyncServiceLogger - INFO - Last sync found at 2026-01-21 16:42:00+00:00. Starting from 2026-01-21 16:42:00.001000+00:00
2026-01-22 01:43:58 - SyncServiceLogger - WARNING - Note: Syncing main account only.
2026-01-22 01:43:58 - SyncServiceLogger - INFO - Fetching chunk from 2026-01-21 16:42:00.001000+00:00 to 2026-01-21 17:43:58.706000+00:00
2026-01-22 01:43:59 - SyncServiceLogger - INFO - Total transactions retrieved: 9
2026-01-22 01:43:59 - SyncServiceLogger - INFO - Processed 1 records (PnL > 0.5) to be written to Notion.
2026-01-22 01:43:59 - SyncServiceLogger - INFO - Skipped 1 duplicate records found in Notion.
2026-01-22 01:43:59 - SyncServiceLogger - INFO - No new unique records to create.
2026-01-22 01:43:59 - SyncServiceLogger - INFO - Synchronization process completed successfully.
2026-01-22 01:43:59 - SyncServiceLogger - INFO - Total transactions retrieved: 9
2026-01-22 01:43:59 - SyncServiceLogger - INFO - Processed 1 records (PnL > 0.5) to be written to Notion.
2026-01-22 01:43:59 - SyncServiceLogger - INFO - Total transactions retrieved: 9
2026-01-22 01:43:59 - SyncServiceLogger - INFO - Processed 1 records (PnL > 0.5) to be written to Notion.
2026-01-22 01:43:59 - SyncServiceLogger - INFO - Skipped 1 duplicate records found in Notion.
2026-01-22 01:43:59 - SyncServiceLogger - INFO - No new unique records to create.
2026-01-22 01:43:59 - SyncServiceLogger - INFO - Synchronization process completed successfully.
2026-01-22 01:43:59 - SyncServiceLogger - INFO - Skipped 1 duplicate records found in Notion.
2026-01-22 01:43:59 - SyncServiceLogger - INFO - No new unique records to create.
2026-01-22 01:43:59 - SyncServiceLogger - INFO - Synchronization process completed successfully.
2026-01-22 01:44:00 - SyncServiceLogger - INFO - Total transactions retrieved: 9
2026-01-22 01:44:00 - SyncServiceLogger - INFO - Processed 1 records (PnL > 0.5) to be written to Notion.
2026-01-22 01:44:00 - SyncServiceLogger - INFO - Skipped 1 duplicate records found in Notion.
2026-01-22 01:44:00 - SyncServiceLogger - INFO - No new unique records to create.
2026-01-22 01:44:00 - SyncServiceLogger - INFO - Synchronization process completed successfully.
2026-01-22 01:44:00 - SyncServiceLogger - INFO - Skipped 1 duplicate records found in Notion.
2026-01-22 01:44:00 - SyncServiceLogger - INFO - No new unique records to create.
2026-01-22 01:44:00 - SyncServiceLogger - INFO - Synchronization process completed successfully.
2026-01-22 01:44:00 - SyncServiceLogger - INFO - Skipped 1 duplicate records found in Notion.
2026-01-22 01:44:00 - SyncServiceLogger - INFO - No new unique records to create.
2026-01-22 01:44:00 - SyncServiceLogger - INFO - Synchronization process completed successfully.
2026-01-22 01:44:01 - SyncServiceLogger - INFO - Skipped 1 duplicate records found in Notion.
2026-01-22 01:44:01 - SyncServiceLogger - INFO - No new unique records to create.
2026-01-22 01:44:01 - SyncServiceLogger - INFO - Synchronization process completed successfully.
2026-01-22 01:44:40 - SyncServiceLogger - INFO - --- Starting Bybit Real-time Monitor ---
2026-01-22 01:44:40 - SyncServiceLogger - INFO - Services (Sync, Stats) initialized successfully.
2026-01-22 01:44:40 - SyncServiceLogger - INFO - Starting Bybit Monitor (Custom WebSocket)...
2026-01-22 01:44:41 - SyncServiceLogger - INFO - WebSocket Connected. Sending Auth...
2026-01-22 01:44:41 - SyncServiceLogger - INFO - WebSocket Authentication Successful!
2026-01-22 01:44:41 - SyncServiceLogger - INFO - Subscribing to topics: ['order', 'execution', 'position']
2026-01-22 01:44:41 - SyncServiceLogger - INFO - Subscribed: 
2026-01-22 05:26:21 - SyncServiceLogger - WARNING - WebSocket Connection Closed.
2026-01-22 05:26:21 - SyncServiceLogger - INFO - Reconnecting in 5 seconds...
2026-01-22 05:26:26 - SyncServiceLogger - INFO - WebSocket Connected. Sending Auth...
2026-01-22 05:26:26 - SyncServiceLogger - INFO - WebSocket Authentication Successful!
2026-01-22 05:26:26 - SyncServiceLogger - INFO - Subscribing to topics: ['order', 'execution', 'position']
2026-01-22 05:26:26 - SyncServiceLogger - INFO - Subscribed: 
2026-01-22 07:59:59 - SyncServiceLogger - INFO - Ignored Funding Fee execution: BTCUSDT 1.02198739
2026-01-22 08:30:15 - SyncServiceLogger - INFO - Trade detected! Triggering Notion Sync in 3 seconds...
2026-01-22 08:30:18 - SyncServiceLogger - INFO - Starting synchronization process...
2026-01-22 08:30:19 - SyncServiceLogger - INFO - Last sync found at 2026-01-21 16:42:00+00:00. Starting from 2026-01-21 16:42:00.001000+00:00
2026-01-22 08:30:19 - SyncServiceLogger - WARNING - Note: Syncing main account only.
2026-01-22 08:30:19 - SyncServiceLogger - INFO - Fetching chunk from 2026-01-21 16:42:00.001000+00:00 to 2026-01-22 00:30:19.017000+00:00
2026-01-22 08:30:19 - SyncServiceLogger - INFO - Retrieved PnL for Order e311d231-953e-4f0f-a4f9-6c10d16e5aa7: 371.74062461
2026-01-22 08:30:19 - SyncServiceLogger - INFO - Sending aggregated execution for Order e311d231-953e-4f0f-a4f9-6c10d16e5aa7
2026-01-22 08:30:20 - SyncServiceLogger - INFO - Total transactions retrieved: 12
2026-01-22 08:30:20 - SyncServiceLogger - INFO - Processed 2 records (PnL > 0.5) to be written to Notion.
2026-01-22 08:30:20 - SyncServiceLogger - INFO - Skipped 1 duplicate records found in Notion.
2026-01-22 08:30:21 - SyncServiceLogger - INFO - Successfully created record in Notion for symbol: BTCUSDT
2026-01-22 08:30:21 - SyncServiceLogger - INFO - Synchronization process completed successfully.
2026-01-22 12:30:19 - SyncServiceLogger - INFO - --- Starting Bybit Real-time Monitor ---
2026-01-22 12:30:20 - SyncServiceLogger - INFO - Services (Sync, Stats) initialized successfully.
2026-01-22 12:30:20 - SyncServiceLogger - INFO - Starting Bybit Monitor (Custom WebSocket)...
2026-01-22 12:30:20 - SyncServiceLogger - INFO - WebSocket Connected. Sending Auth...
2026-01-22 12:30:20 - SyncServiceLogger - INFO - WebSocket Authentication Successful!
2026-01-22 12:30:20 - SyncServiceLogger - INFO - Subscribing to topics: ['order', 'execution', 'position']
2026-01-22 12:30:20 - SyncServiceLogger - INFO - Subscribed: 
2026-01-22 12:30:28 - SyncServiceLogger - ERROR - Failed to create thread: {"message": "401: Unauthorized", "code": 0}
2026-01-22 12:31:33 - SyncServiceLogger - ERROR - Failed to create thread: {"message": "401: Unauthorized", "code": 0}
2026-01-22 12:32:34 - SyncServiceLogger - INFO - --- Generating Manual PnL Report ---
2026-01-22 12:32:34 - SyncServiceLogger - INFO - Fetching account data from Bybit...
2026-01-22 12:32:36 - SyncServiceLogger - INFO - Sending Daily Report to Discord...
2026-01-22 12:32:37 - SyncServiceLogger - INFO - Fetching last closed position stats...
2026-01-22 12:32:38 - SyncServiceLogger - INFO - Sending Last Position Result: BTCUSDT PnL: 371.74062461 (Aggregated 1 fills)
2026-01-22 12:33:21 - SyncServiceLogger - ERROR - Failed to send notification: 400 {"message": "Webhooks can only create threads in forum channels", "code": 220003}
2026-01-22 12:42:14 - SyncServiceLogger - INFO - --- Generating Manual PnL Report ---
2026-01-22 12:42:14 - SyncServiceLogger - INFO - Fetching account data from Bybit...
2026-01-22 12:42:15 - SyncServiceLogger - INFO - Sending Daily Report to Discord...
2026-01-22 12:42:15 - SyncServiceLogger - INFO - Fetching last closed position stats...
2026-01-22 12:42:16 - SyncServiceLogger - INFO - Sending Last Position Result: BTCUSDT PnL: 371.74062461 (Aggregated 1 fills)
2026-01-22 12:42:16 - SyncServiceLogger - ERROR - Failed to generate report: DiscordNotifier._send() got an unexpected keyword argument 'thread_id'
2026-01-22 14:11:04 - SyncServiceLogger - ERROR - Failed to create thread: {"message": "401: Unauthorized", "code": 0}
2026-01-22 15:55:12 - SyncServiceLogger - INFO - Trade detected! Triggering Notion Sync in 3 seconds...
2026-01-22 15:55:15 - SyncServiceLogger - INFO - Starting synchronization process...
2026-01-22 15:55:16 - SyncServiceLogger - INFO - Last sync found at 2026-01-22 00:30:00+00:00. Starting from 2026-01-22 00:30:00.001000+00:00
2026-01-22 15:55:16 - SyncServiceLogger - WARNING - Note: Syncing main account only.
2026-01-22 15:55:16 - SyncServiceLogger - INFO - Fetching chunk from 2026-01-22 00:30:00.001000+00:00 to 2026-01-22 07:55:16.072000+00:00
2026-01-22 15:55:16 - SyncServiceLogger - INFO - Sending aggregated execution for Order 2cbfd07a-c368-4077-bbea-367e4b2b2cf0
2026-01-22 15:55:17 - SyncServiceLogger - INFO - Total transactions retrieved: 3
2026-01-22 15:55:17 - SyncServiceLogger - INFO - Processed 1 records (PnL > 0.5) to be written to Notion.
2026-01-22 15:55:17 - SyncServiceLogger - INFO - Skipped 1 duplicate records found in Notion.
2026-01-22 15:55:17 - SyncServiceLogger - INFO - No new unique records to create.
2026-01-22 15:55:17 - SyncServiceLogger - INFO - Synchronization process completed successfully.
2026-01-22 15:59:59 - SyncServiceLogger - INFO - Ignored Funding Fee execution: BTCUSDT 1.70960696
2026-01-22 20:46:50 - SyncServiceLogger - INFO - --- Starting Bybit Real-time Monitor ---
2026-01-22 20:46:51 - SyncServiceLogger - INFO - Services (Sync, Stats) initialized successfully.
2026-01-22 20:46:51 - SyncServiceLogger - INFO - Starting Bybit Monitor (Custom WebSocket)...
2026-01-22 20:46:51 - SyncServiceLogger - INFO - WebSocket Connected. Sending Auth...
2026-01-22 20:46:51 - SyncServiceLogger - INFO - WebSocket Authentication Successful!
2026-01-22 20:46:51 - SyncServiceLogger - INFO - Subscribing to topics: ['order', 'execution', 'position']
2026-01-22 20:46:51 - SyncServiceLogger - INFO - Subscribed: 
2026-01-22 20:47:35 - SyncServiceLogger - ERROR - Error processing message: DiscordNotifier._send() got an unexpected keyword argument 'thread_id'
2026-01-22 20:51:23 - SyncServiceLogger - INFO - --- Starting Bybit Real-time Monitor ---
2026-01-22 20:51:23 - SyncServiceLogger - INFO - Services (Sync, Stats) initialized successfully.
2026-01-22 20:51:23 - SyncServiceLogger - INFO - Starting Bybit Monitor (Custom WebSocket)...
2026-01-22 20:51:24 - SyncServiceLogger - INFO - WebSocket Connected. Sending Auth...
2026-01-22 20:51:24 - SyncServiceLogger - INFO - WebSocket Authentication Successful!
2026-01-22 20:51:24 - SyncServiceLogger - INFO - Subscribing to topics: ['order', 'execution', 'position']
2026-01-22 20:51:24 - SyncServiceLogger - INFO - Subscribed: 
2026-01-22 20:51:30 - SyncServiceLogger - ERROR - Error processing message: DiscordNotifier._send() got an unexpected keyword argument 'thread_id'
2026-01-22 20:54:47 - SyncServiceLogger - INFO - --- Starting Bybit Real-time Monitor ---
2026-01-22 20:54:47 - SyncServiceLogger - INFO - Services (Sync, Stats) initialized successfully.
2026-01-22 20:54:47 - SyncServiceLogger - INFO - Starting Bybit Monitor (Custom WebSocket)...
2026-01-22 20:54:47 - SyncServiceLogger - INFO - WebSocket Connected. Sending Auth...
2026-01-22 20:54:47 - SyncServiceLogger - INFO - WebSocket Authentication Successful!
2026-01-22 20:54:47 - SyncServiceLogger - INFO - Subscribing to topics: ['order', 'execution', 'position']
2026-01-22 20:54:47 - SyncServiceLogger - INFO - Subscribed: 
2026-01-22 20:54:56 - SyncServiceLogger - ERROR - Error processing message: DiscordNotifier._send() got an unexpected keyword argument 'thread_id'
2026-01-22 20:58:02 - SyncServiceLogger - INFO - --- Starting Bybit Real-time Monitor ---
2026-01-22 20:58:03 - SyncServiceLogger - INFO - Services (Sync, Stats) initialized successfully.
2026-01-22 20:58:03 - SyncServiceLogger - INFO - Starting Bybit Monitor (Custom WebSocket)...
2026-01-22 20:58:03 - SyncServiceLogger - INFO - WebSocket Connected. Sending Auth...
2026-01-22 20:58:03 - SyncServiceLogger - INFO - WebSocket Authentication Successful!
2026-01-22 20:58:03 - SyncServiceLogger - INFO - Subscribing to topics: ['order', 'execution', 'position']
2026-01-22 20:58:03 - SyncServiceLogger - INFO - Subscribed: 
2026-01-22 20:58:34 - SyncServiceLogger - ERROR - Error processing message: DiscordNotifier._send() got an unexpected keyword argument 'thread_id'
2026-01-22 21:02:58 - SyncServiceLogger - INFO - --- Starting Bybit Real-time Monitor ---
2026-01-22 21:02:58 - SyncServiceLogger - INFO - Services (Sync, Stats) initialized successfully.
2026-01-22 21:02:58 - SyncServiceLogger - ERROR - Monitor crashed: 'BybitMonitor' object has no attribute 'start'
2026-01-22 21:03:08 - SyncServiceLogger - ERROR - Error processing message: DiscordNotifier._send() got an unexpected keyword argument 'thread_id'
2026-01-22 21:03:08 - SyncServiceLogger - INFO - Position TP/SL Changed for BTCUSDT: TP 92300->92300, SL 89901->89900
2026-01-22 21:03:08 - SyncServiceLogger - ERROR - Error processing message: DiscordNotifier._send() got an unexpected keyword argument 'thread_id'
2026-01-22 21:03:37 - SyncServiceLogger - ERROR - Error processing message: DiscordNotifier._send() got an unexpected keyword argument 'thread_id'
2026-01-22 21:03:37 - SyncServiceLogger - INFO - Position TP/SL Changed for BTCUSDT: TP 92300->92300, SL 89900->89902
2026-01-22 21:03:37 - SyncServiceLogger - ERROR - Error processing message: DiscordNotifier._send() got an unexpected keyword argument 'thread_id'
2026-01-22 21:03:45 - SyncServiceLogger - INFO - --- Starting Bybit Real-time Monitor ---
2026-01-22 21:03:45 - SyncServiceLogger - INFO - Services (Sync, Stats) initialized successfully.
2026-01-22 21:03:45 - SyncServiceLogger - ERROR - Monitor crashed: 'BybitMonitor' object has no attribute 'start'
2026-01-22 21:04:02 - SyncServiceLogger - INFO - Position TP/SL Changed for BTCUSDT: TP 92300->0, SL 89902->0
2026-01-22 21:04:02 - SyncServiceLogger - ERROR - Error processing message: DiscordNotifier._send() got an unexpected keyword argument 'thread_id'
2026-01-22 21:04:08 - SyncServiceLogger - INFO - Position TP/SL Changed for BTCUSDT: TP 0->92300, SL 0->89902
2026-01-22 21:04:08 - SyncServiceLogger - ERROR - Error processing message: DiscordNotifier._send() got an unexpected keyword argument 'thread_id'
2026-01-22 21:04:18 - SyncServiceLogger - ERROR - Error processing message: DiscordNotifier._send() got an unexpected keyword argument 'thread_id'
2026-01-22 21:04:18 - SyncServiceLogger - INFO - Position TP/SL Changed for BTCUSDT: TP 92300->92300, SL 89902->89901
2026-01-22 21:04:18 - SyncServiceLogger - ERROR - Error processing message: DiscordNotifier._send() got an unexpected keyword argument 'thread_id'
2026-01-22 21:07:06 - SyncServiceLogger - INFO - --- Starting Bybit Real-time Monitor ---
2026-01-22 21:07:06 - SyncServiceLogger - INFO - Services (Sync, Stats) initialized successfully.
2026-01-22 21:07:06 - SyncServiceLogger - ERROR - Monitor crashed: 'BybitMonitor' object has no attribute 'start'
2026-01-22 21:10:29 - SyncServiceLogger - INFO - --- Starting Bybit Real-time Monitor ---
2026-01-22 21:10:29 - SyncServiceLogger - INFO - Services (Sync, Stats) initialized successfully.
2026-01-22 21:10:29 - SyncServiceLogger - INFO - Starting Bybit Monitor (Custom WebSocket)...
2026-01-22 21:10:29 - SyncServiceLogger - INFO - WebSocket Connected. Sending Auth...
2026-01-22 21:10:29 - SyncServiceLogger - INFO - WebSocket Authentication Successful!
2026-01-22 21:10:29 - SyncServiceLogger - INFO - Subscribing to topics: ['order', 'execution', 'position']
2026-01-22 21:10:29 - SyncServiceLogger - INFO - Subscribed: 
2026-01-22 21:10:38 - SyncServiceLogger - INFO - Position TP/SL Changed for BTCUSDT: TP 0->92300, SL 0->89900
2026-01-22 21:10:38 - SyncServiceLogger - ERROR - Error processing message: could not convert string to float: '89900 (SL) / 92300 (TP)'
2026-01-22 21:10:46 - SyncServiceLogger - INFO - Position TP/SL Changed for BTCUSDT: TP 92300->0, SL 89900->0
2026-01-22 21:10:46 - SyncServiceLogger - ERROR - Error processing message: could not convert string to float: '0 (SL) / 0 (TP)'
2026-01-22 21:10:54 - SyncServiceLogger - ERROR - Error processing message: DiscordNotifier._send() got an unexpected keyword argument 'thread_id'
2026-01-22 21:10:54 - SyncServiceLogger - INFO - Position TP/SL Changed for BTCUSDT: TP 0->92300, SL 0->89901
2026-01-22 21:10:54 - SyncServiceLogger - ERROR - Error processing message: could not convert string to float: '89901 (SL) / 92300 (TP)'
2026-01-22 21:11:39 - SyncServiceLogger - ERROR - Error processing message: DiscordNotifier._send() got an unexpected keyword argument 'thread_id'
2026-01-22 21:11:39 - SyncServiceLogger - INFO - Position TP/SL Changed for BTCUSDT: TP 92300->92300, SL 89901->89900
2026-01-22 21:11:39 - SyncServiceLogger - ERROR - Error processing message: could not convert string to float: '89900 (SL) / 92300 (TP)'
2026-01-22 21:11:59 - SyncServiceLogger - ERROR - WebSocket Error: 
2026-01-22 21:11:59 - SyncServiceLogger - WARNING - WebSocket Connection Closed.
2026-01-22 21:11:59 - SyncServiceLogger - INFO - Reconnecting in 5 seconds...
2026-01-22 21:12:05 - SyncServiceLogger - INFO - WebSocket Connected. Sending Auth...
2026-01-22 21:12:05 - SyncServiceLogger - INFO - WebSocket Authentication Successful!
2026-01-22 21:12:05 - SyncServiceLogger - INFO - Subscribing to topics: ['order', 'execution', 'position']
2026-01-22 21:12:05 - SyncServiceLogger - INFO - Subscribed: 
2026-01-22 21:13:39 - SyncServiceLogger - INFO - --- Starting Bybit Real-time Monitor ---
2026-01-22 21:13:39 - SyncServiceLogger - INFO - Services (Sync, Stats) initialized successfully.
2026-01-22 21:13:39 - SyncServiceLogger - INFO - Starting Bybit Monitor (Custom WebSocket)...
2026-01-22 21:13:40 - SyncServiceLogger - INFO - WebSocket Connected. Sending Auth...
2026-01-22 21:13:40 - SyncServiceLogger - INFO - WebSocket Authentication Successful!
2026-01-22 21:13:40 - SyncServiceLogger - INFO - Subscribing to topics: ['order', 'execution', 'position']
2026-01-22 21:13:40 - SyncServiceLogger - INFO - Subscribed: 
2026-01-22 21:33:41 - SyncServiceLogger - INFO - Position TP/SL Changed for BTCUSDT: TP 92300->0, SL 89901->0
2026-01-22 21:33:42 - SyncServiceLogger - INFO - Position TP/SL Changed for BTCUSDT: TP 0->92300, SL 0->89901
2026-01-22 21:33:43 - SyncServiceLogger - INFO - Position TP/SL Changed for BTCUSDT: TP 92300->0, SL 89901->0
2026-01-22 21:33:45 - SyncServiceLogger - INFO - Starting synchronization process...
2026-01-22 21:33:48 - SyncServiceLogger - INFO - Last sync found at 2026-01-22 00:30:00+00:00. Starting from 2026-01-22 00:30:00.001000+00:00
2026-01-22 21:33:48 - SyncServiceLogger - WARNING - Note: Syncing main account only.
2026-01-22 21:33:48 - SyncServiceLogger - INFO - Fetching chunk from 2026-01-22 00:30:00.001000+00:00 to 2026-01-22 13:33:48.052000+00:00
2026-01-22 21:33:48 - SyncServiceLogger - INFO - Total transactions retrieved: 15
2026-01-22 21:33:48 - SyncServiceLogger - INFO - Processed 2 records (PnL > 0.5) to be written to Notion.
2026-01-22 21:33:49 - SyncServiceLogger - INFO - Skipped 1 duplicate records found in Notion.
2026-01-22 21:33:49 - SyncServiceLogger - INFO - Successfully created record in Notion for symbol: BTCUSDT
2026-01-22 21:33:50 - SyncServiceLogger - INFO - Synchronization process completed successfully.
2026-01-22 22:24:11 - SyncServiceLogger - INFO - --- Starting Bybit Real-time Monitor ---
2026-01-22 22:24:12 - SyncServiceLogger - INFO - Services (Sync, Stats) initialized successfully.
2026-01-22 22:24:12 - SyncServiceLogger - INFO - Starting Bybit Monitor (Custom WebSocket)...
2026-01-22 22:24:12 - SyncServiceLogger - INFO - WebSocket Connected. Sending Auth...
2026-01-22 22:24:12 - SyncServiceLogger - INFO - WebSocket Authentication Successful!
2026-01-22 22:24:12 - SyncServiceLogger - INFO - Subscribing to topics: ['order', 'execution', 'position']
2026-01-22 22:24:12 - SyncServiceLogger - INFO - Subscribed: 
2026-01-22 22:26:40 - SyncServiceLogger - INFO - --- Generating Manual PnL Report ---
2026-01-22 22:26:40 - SyncServiceLogger - INFO - Fetching account data from Bybit...
2026-01-22 22:26:41 - SyncServiceLogger - INFO - Sending Daily Report to Discord...
2026-01-22 22:26:42 - SyncServiceLogger - INFO - Fetching last closed position stats...
2026-01-22 22:26:42 - SyncServiceLogger - INFO - Sending Last Position Result: BTCUSDT PnL: 18.66226804 (Aggregated 1 fills)
2026-01-22 22:26:42 - SyncServiceLogger - ERROR - Failed to generate report: DiscordNotifier._send() got an unexpected keyword argument 'thread_id'
2026-01-22 23:20:06 - SyncServiceLogger - INFO - --- Generating Manual PnL Report ---
2026-01-22 23:20:06 - SyncServiceLogger - INFO - Fetching account data from Bybit...
2026-01-22 23:20:12 - SyncServiceLogger - INFO - --- Starting Bybit Real-time Monitor ---
2026-01-22 23:20:12 - SyncServiceLogger - INFO - Services (Sync, Stats) initialized successfully.
2026-01-22 23:20:12 - SyncServiceLogger - INFO - Starting Bybit Monitor (Custom WebSocket)...
2026-01-22 23:20:12 - SyncServiceLogger - INFO - WebSocket Connected. Sending Auth...
2026-01-22 23:20:12 - SyncServiceLogger - INFO - WebSocket Authentication Successful!
2026-01-22 23:20:12 - SyncServiceLogger - INFO - Subscribing to topics: ['order', 'execution', 'position']
2026-01-22 23:20:13 - SyncServiceLogger - INFO - Subscribed: 
2026-01-22 23:34:17 - SyncServiceLogger - INFO - --- Starting Bybit Real-time Monitor ---
2026-01-22 23:34:17 - SyncServiceLogger - INFO - Services (Sync, Stats) initialized successfully.
2026-01-22 23:34:17 - SyncServiceLogger - INFO - Starting Bybit Monitor (Custom WebSocket)...
2026-01-22 23:34:17 - SyncServiceLogger - INFO - WebSocket Connected. Sending Auth...
2026-01-22 23:34:17 - SyncServiceLogger - INFO - WebSocket Authentication Successful!
2026-01-22 23:34:17 - SyncServiceLogger - INFO - Subscribing to topics: ['order', 'execution', 'position']
2026-01-22 23:34:17 - SyncServiceLogger - INFO - Subscribed: 
2026-01-22 23:34:26 - SyncServiceLogger - ERROR - Error processing message: 'fields'
2026-01-22 23:36:06 - SyncServiceLogger - ERROR - Error processing message: 'fields'
2026-01-23 00:01:21 - SyncServiceLogger - ERROR - Error processing message: 'fields'
2026-01-23 00:04:27 - SyncServiceLogger - INFO - --- Starting Bybit Real-time Monitor ---
2026-01-23 00:04:27 - SyncServiceLogger - INFO - Services (Sync, Stats) initialized successfully.
2026-01-23 00:04:27 - SyncServiceLogger - INFO - Starting Bybit Monitor (Custom WebSocket)...
2026-01-23 00:04:27 - SyncServiceLogger - INFO - WebSocket Connected. Sending Auth...
2026-01-23 00:04:27 - SyncServiceLogger - INFO - WebSocket Authentication Successful!
2026-01-23 00:04:27 - SyncServiceLogger - INFO - Subscribing to topics: ['order', 'execution', 'position']
2026-01-23 00:04:27 - SyncServiceLogger - INFO - Subscribed: 
2026-01-23 00:07:27 - SyncServiceLogger - INFO - --- Starting Bybit Real-time Monitor ---
2026-01-23 00:07:27 - SyncServiceLogger - INFO - Services (Sync, Stats) initialized successfully.
2026-01-23 00:07:27 - SyncServiceLogger - INFO - Starting Bybit Monitor (Custom WebSocket)...
2026-01-23 00:07:27 - SyncServiceLogger - INFO - WebSocket Connected. Sending Auth...
2026-01-23 00:07:27 - SyncServiceLogger - INFO - WebSocket Authentication Successful!
2026-01-23 00:07:27 - SyncServiceLogger - INFO - Subscribing to topics: ['order', 'execution', 'position']
2026-01-23 00:07:27 - SyncServiceLogger - INFO - Subscribed: 
2026-01-23 00:13:15 - SyncServiceLogger - INFO - Position TP/SL Changed for SOLUSDT: TP 0->130.79, SL 0->125.54
2026-01-23 00:13:15 - SyncServiceLogger - INFO - Position TP/SL Changed for SOLUSDT: TP 130.79->0, SL 125.54->0
2026-01-23 00:13:15 - SyncServiceLogger - INFO - Suppressed TP/SL Alert for SOLUSDT because position is closed (Size=0).
2026-01-23 00:13:16 - SyncServiceLogger - INFO - Starting synchronization process...
2026-01-23 00:13:19 - SyncServiceLogger - INFO - Last sync found at 2026-01-22 13:33:00+00:00. Starting from 2026-01-22 13:33:00.001000+00:00
2026-01-23 00:13:19 - SyncServiceLogger - WARNING - Note: Syncing main account only.
2026-01-23 00:13:19 - SyncServiceLogger - INFO - Fetching chunk from 2026-01-22 13:33:00.001000+00:00 to 2026-01-22 16:13:19.564000+00:00
2026-01-23 00:13:20 - SyncServiceLogger - INFO - Total transactions retrieved: 12
2026-01-23 00:13:20 - SyncServiceLogger - INFO - Processed 1 records (PnL > 0.5) to be written to Notion.
2026-01-23 00:13:21 - SyncServiceLogger - INFO - Skipped 1 duplicate records found in Notion.
2026-01-23 00:13:21 - SyncServiceLogger - INFO - No new unique records to create.
2026-01-23 00:13:21 - SyncServiceLogger - INFO - Synchronization process completed successfully.
2026-01-23 00:15:40 - SyncServiceLogger - INFO - --- Starting Bybit Real-time Monitor ---
2026-01-23 00:15:41 - SyncServiceLogger - INFO - Services (Sync, Stats) initialized successfully.
2026-01-23 00:15:41 - SyncServiceLogger - INFO - Starting Bybit Monitor (Custom WebSocket)...
2026-01-23 00:15:41 - SyncServiceLogger - INFO - WebSocket Connected. Sending Auth...
2026-01-23 00:15:41 - SyncServiceLogger - INFO - WebSocket Authentication Successful!
2026-01-23 00:15:41 - SyncServiceLogger - INFO - Subscribing to topics: ['order', 'execution', 'position']
2026-01-23 00:15:41 - SyncServiceLogger - INFO - Subscribed: 
2026-01-23 00:17:43 - SyncServiceLogger - INFO - --- Starting Bybit Real-time Monitor ---
2026-01-23 00:17:43 - SyncServiceLogger - INFO - Services (Sync, Stats) initialized successfully.
2026-01-23 00:17:43 - SyncServiceLogger - INFO - Starting Bybit Monitor (Custom WebSocket)...
2026-01-23 00:17:43 - SyncServiceLogger - INFO - Fetching initial open positions...
2026-01-23 00:17:44 - SyncServiceLogger - INFO - Loaded 1 active positions.
2026-01-23 00:17:44 - SyncServiceLogger - INFO - WebSocket Connected. Sending Auth...
2026-01-23 00:17:44 - SyncServiceLogger - INFO - WebSocket Authentication Successful!
2026-01-23 00:17:44 - SyncServiceLogger - INFO - Subscribing to topics: ['order', 'execution', 'position']
2026-01-23 00:17:44 - SyncServiceLogger - INFO - Subscribed: 
2026-01-23 00:17:52 - SyncServiceLogger - INFO - --- Generating Manual PnL Report ---
2026-01-23 00:17:52 - SyncServiceLogger - INFO - Fetching account data from Bybit...
2026-01-23 00:17:52 - SyncServiceLogger - INFO - Sending Daily Report to Discord...
2026-01-23 00:17:53 - SyncServiceLogger - INFO - Fetching last closed position stats...
2026-01-23 00:17:53 - SyncServiceLogger - INFO - Sending Last Position Result: BTCUSDT PnL: 18.66226804 (Aggregated 1 fills)
2026-01-23 00:20:06 - SyncServiceLogger - INFO - --- Starting Bybit Real-time Monitor ---
2026-01-23 00:20:06 - SyncServiceLogger - INFO - Services (Sync, Stats) initialized successfully.
2026-01-23 00:20:06 - SyncServiceLogger - INFO - Starting Bybit Monitor (Custom WebSocket)...
2026-01-23 00:20:06 - SyncServiceLogger - INFO - Fetching initial open positions (category=linear)...
2026-01-23 00:20:07 - SyncServiceLogger - INFO - DEBUG: Found Position: SOLUSDT, Size: 50
2026-01-23 00:20:07 - SyncServiceLogger - INFO - Loaded 1 active positions.
2026-01-23 00:20:07 - SyncServiceLogger - INFO - WebSocket Connected. Sending Auth...
2026-01-23 00:20:07 - SyncServiceLogger - INFO - WebSocket Authentication Successful!
2026-01-23 00:20:07 - SyncServiceLogger - INFO - Subscribing to topics: ['order', 'execution', 'position']
2026-01-23 00:20:07 - SyncServiceLogger - INFO - Subscribed: 
2026-01-23 00:20:36 - SyncServiceLogger - INFO - --- Starting Bybit Real-time Monitor ---
2026-01-23 00:20:36 - SyncServiceLogger - INFO - Services (Sync, Stats) initialized successfully.
2026-01-23 00:20:36 - SyncServiceLogger - INFO - Starting Bybit Monitor (Custom WebSocket)...
2026-01-23 00:20:36 - SyncServiceLogger - INFO - Fetching initial open positions (category=linear)...
2026-01-23 00:20:37 - SyncServiceLogger - INFO - DEBUG: Found Position: SOLUSDT, Size: 50
2026-01-23 00:20:37 - SyncServiceLogger - INFO - Loaded 1 active positions.
2026-01-23 00:20:37 - SyncServiceLogger - INFO - WebSocket Connected. Sending Auth...
2026-01-23 00:20:37 - SyncServiceLogger - INFO - WebSocket Authentication Successful!
2026-01-23 00:20:37 - SyncServiceLogger - INFO - Subscribing to topics: ['order', 'execution', 'position']
2026-01-23 00:20:37 - SyncServiceLogger - INFO - Subscribed: 
2026-01-23 00:25:08 - SyncServiceLogger - INFO - --- Starting Bybit Real-time Monitor ---
2026-01-23 00:25:08 - SyncServiceLogger - INFO - Services (Sync, Stats) initialized successfully.
2026-01-23 00:25:08 - SyncServiceLogger - INFO - Starting Bybit Monitor (Custom WebSocket)...
2026-01-23 00:25:08 - SyncServiceLogger - INFO - Fetching initial open positions (Scanning Linear & Inverse)...
2026-01-23 00:25:10 - SyncServiceLogger - INFO - Loaded Active Position: SOLUSDT, Size: 50.0
2026-01-23 00:25:10 - SyncServiceLogger - INFO - Total 1 active positions loaded.
2026-01-23 00:25:10 - SyncServiceLogger - INFO - WebSocket Connected. Sending Auth...
2026-01-23 00:25:10 - SyncServiceLogger - INFO - WebSocket Authentication Successful!
2026-01-23 00:25:10 - SyncServiceLogger - INFO - Subscribing to topics: ['order', 'execution', 'position']
2026-01-23 00:25:10 - SyncServiceLogger - INFO - Subscribed: 
2026-01-23 00:29:56 - SyncServiceLogger - INFO - --- Starting Bybit Real-time Monitor ---
2026-01-23 00:29:56 - SyncServiceLogger - INFO - Services (Sync, Stats) initialized successfully.
2026-01-23 00:29:56 - SyncServiceLogger - INFO - Starting Bybit Monitor (Custom WebSocket)...
2026-01-23 00:29:56 - SyncServiceLogger - INFO - Fetching initial open positions (Scanning Linear & Inverse)...
2026-01-23 00:29:57 - SyncServiceLogger - INFO - Loaded Active Position: SOLUSDT, Size: 50.0
2026-01-23 00:29:57 - SyncServiceLogger - INFO - Total 1 active positions loaded.
2026-01-23 00:29:57 - SyncServiceLogger - INFO - WebSocket Connected. Sending Auth...
2026-01-23 00:29:57 - SyncServiceLogger - INFO - WebSocket Authentication Successful!
2026-01-23 00:29:57 - SyncServiceLogger - INFO - Subscribing to topics: ['order', 'execution', 'position']
2026-01-23 00:29:58 - SyncServiceLogger - INFO - Subscribed: 
2026-01-23 08:00:01 - SyncServiceLogger - INFO - Position TP/SL Changed for SOLUSDT: TP 130.79->0, SL 125.54->0
2026-01-23 08:00:01 - SyncServiceLogger - INFO - Suppressed TP/SL Alert for SOLUSDT because position is closed (Size=0).
2026-01-23 08:47:42 - SyncServiceLogger - WARNING - WebSocket Connection Closed.
2026-01-23 08:47:42 - SyncServiceLogger - INFO - Reconnecting in 5 seconds...
2026-01-23 08:47:47 - SyncServiceLogger - INFO - WebSocket Connected. Sending Auth...
2026-01-23 08:47:47 - SyncServiceLogger - INFO - WebSocket Authentication Successful!
2026-01-23 08:47:47 - SyncServiceLogger - INFO - Subscribing to topics: ['order', 'execution', 'position']
2026-01-23 08:47:47 - SyncServiceLogger - INFO - Subscribed: 
2026-01-23 09:19:22 - SyncServiceLogger - INFO - Starting synchronization process...
2026-01-23 09:19:23 - SyncServiceLogger - INFO - Last sync found at 2026-01-22 13:33:00+00:00. Starting from 2026-01-22 13:33:00.001000+00:00
2026-01-23 09:19:23 - SyncServiceLogger - WARNING - Note: Syncing main account only.
2026-01-23 09:19:23 - SyncServiceLogger - INFO - Fetching chunk from 2026-01-22 13:33:00.001000+00:00 to 2026-01-23 01:19:23.402000+00:00
2026-01-23 09:19:24 - SyncServiceLogger - INFO - Total transactions retrieved: 20
2026-01-23 09:19:24 - SyncServiceLogger - INFO - Processed 2 records (PnL > 0.5) to be written to Notion.
2026-01-23 09:19:25 - SyncServiceLogger - INFO - Skipped 1 duplicate records found in Notion.
2026-01-23 09:19:25 - SyncServiceLogger - INFO - Successfully created record in Notion for symbol: SOLUSDT
2026-01-23 09:19:26 - SyncServiceLogger - INFO - Synchronization process completed successfully.
2026-01-23 09:31:49 - SyncServiceLogger - INFO - Starting synchronization process...
2026-01-23 09:31:49 - SyncServiceLogger - INFO - Last sync found at 2026-01-23 01:19:00+00:00. Starting from 2026-01-23 01:19:00.001000+00:00
2026-01-23 09:31:49 - SyncServiceLogger - WARNING - Note: Syncing main account only.
2026-01-23 09:31:49 - SyncServiceLogger - INFO - Fetching chunk from 2026-01-23 01:19:00.001000+00:00 to 2026-01-23 01:31:49.741000+00:00
2026-01-23 09:31:50 - SyncServiceLogger - INFO - Starting synchronization process...
2026-01-23 09:31:50 - SyncServiceLogger - INFO - Total transactions retrieved: 11
2026-01-23 09:31:50 - SyncServiceLogger - INFO - Processed 1 records (PnL > 0.5) to be written to Notion.
2026-01-23 09:31:50 - SyncServiceLogger - INFO - Last sync found at 2026-01-23 01:19:00+00:00. Starting from 2026-01-23 01:19:00.001000+00:00
2026-01-23 09:31:50 - SyncServiceLogger - WARNING - Note: Syncing main account only.
2026-01-23 09:31:50 - SyncServiceLogger - INFO - Fetching chunk from 2026-01-23 01:19:00.001000+00:00 to 2026-01-23 01:31:50.817000+00:00
2026-01-23 09:31:51 - SyncServiceLogger - INFO - Position TP/SL Changed for SOLUSDT: TP 0->139, SL 0->124
2026-01-23 09:31:51 - SyncServiceLogger - INFO - Skipped 1 duplicate records found in Notion.
2026-01-23 09:31:51 - SyncServiceLogger - INFO - No new unique records to create.
2026-01-23 09:31:51 - SyncServiceLogger - INFO - Synchronization process completed successfully.
2026-01-23 09:31:51 - SyncServiceLogger - INFO - Starting synchronization process...
2026-01-23 09:31:51 - SyncServiceLogger - INFO - Total transactions retrieved: 11
2026-01-23 09:31:51 - SyncServiceLogger - INFO - Processed 1 records (PnL > 0.5) to be written to Notion.
2026-01-23 09:31:51 - SyncServiceLogger - INFO - Position TP/SL Changed for SOLUSDT: TP 139->0, SL 124->0
2026-01-23 09:31:51 - SyncServiceLogger - INFO - Suppressed TP/SL Alert for SOLUSDT because position is closed (Size=0).
2026-01-23 09:31:51 - SyncServiceLogger - INFO - Position TP/SL Changed for SOLUSDT: TP 0->139, SL 0->124
2026-01-23 09:31:51 - SyncServiceLogger - INFO - Last sync found at 2026-01-23 01:19:00+00:00. Starting from 2026-01-23 01:19:00.001000+00:00
2026-01-23 09:31:51 - SyncServiceLogger - WARNING - Note: Syncing main account only.
2026-01-23 09:31:51 - SyncServiceLogger - INFO - Fetching chunk from 2026-01-23 01:19:00.001000+00:00 to 2026-01-23 01:31:51.939000+00:00
2026-01-23 09:31:52 - SyncServiceLogger - INFO - Position TP/SL Changed for SOLUSDT: TP 139->0, SL 124->0
2026-01-23 09:31:52 - SyncServiceLogger - INFO - Suppressed TP/SL Alert for SOLUSDT because position is closed (Size=0).
2026-01-23 09:31:52 - SyncServiceLogger - INFO - Starting synchronization process...
2026-01-23 09:31:52 - SyncServiceLogger - INFO - Total transactions retrieved: 11
2026-01-23 09:31:52 - SyncServiceLogger - INFO - Processed 1 records (PnL > 0.5) to be written to Notion.
2026-01-23 09:31:53 - SyncServiceLogger - INFO - Last sync found at 2026-01-23 01:19:00+00:00. Starting from 2026-01-23 01:19:00.001000+00:00
2026-01-23 09:31:53 - SyncServiceLogger - WARNING - Note: Syncing main account only.
2026-01-23 09:31:53 - SyncServiceLogger - INFO - Fetching chunk from 2026-01-23 01:19:00.001000+00:00 to 2026-01-23 01:31:53.299000+00:00
2026-01-23 09:31:53 - SyncServiceLogger - INFO - Skipped 1 duplicate records found in Notion.
2026-01-23 09:31:53 - SyncServiceLogger - INFO - No new unique records to create.
2026-01-23 09:31:53 - SyncServiceLogger - INFO - Synchronization process completed successfully.
2026-01-23 09:31:54 - SyncServiceLogger - INFO - Total transactions retrieved: 11
2026-01-23 09:31:54 - SyncServiceLogger - INFO - Processed 1 records (PnL > 0.5) to be written to Notion.
2026-01-23 09:31:54 - SyncServiceLogger - INFO - Skipped 1 duplicate records found in Notion.
2026-01-23 09:31:54 - SyncServiceLogger - INFO - No new unique records to create.
2026-01-23 09:31:54 - SyncServiceLogger - INFO - Synchronization process completed successfully.
2026-01-23 09:31:54 - SyncServiceLogger - INFO - Skipped 1 duplicate records found in Notion.
2026-01-23 09:31:54 - SyncServiceLogger - INFO - No new unique records to create.
2026-01-23 09:31:54 - SyncServiceLogger - INFO - Synchronization process completed successfully.
2026-01-23 10:55:10 - SyncServiceLogger - INFO - Position TP/SL Changed for BTCUSDT: TP 0->92300, SL 0->88300
2026-01-23 10:55:12 - SyncServiceLogger - INFO - Starting synchronization process...
2026-01-23 10:55:13 - SyncServiceLogger - INFO - Last sync found at 2026-01-23 01:19:00+00:00. Starting from 2026-01-23 01:19:00.001000+00:00
2026-01-23 10:55:13 - SyncServiceLogger - WARNING - Note: Syncing main account only.
2026-01-23 10:55:13 - SyncServiceLogger - INFO - Fetching chunk from 2026-01-23 01:19:00.001000+00:00 to 2026-01-23 02:55:13.198000+00:00
2026-01-23 10:55:14 - SyncServiceLogger - INFO - Total transactions retrieved: 12
2026-01-23 10:55:14 - SyncServiceLogger - INFO - Processed 1 records (PnL > 0.5) to be written to Notion.
2026-01-23 10:55:14 - SyncServiceLogger - INFO - Skipped 1 duplicate records found in Notion.
2026-01-23 10:55:14 - SyncServiceLogger - INFO - No new unique records to create.
2026-01-23 10:55:14 - SyncServiceLogger - INFO - Synchronization process completed successfully.
